[debug] [2020-10-04T04:29:16.117Z] ----------------------------------------------------------------------
[debug] [2020-10-04T04:29:16.124Z] Command:       C:\Program Files\nodejs\node.exe C:\Users\SUJON\AppData\Roaming\npm\node_modules\firebase-tools\lib\bin\firebase.js init
[debug] [2020-10-04T04:29:16.124Z] CLI Version:   8.10.0
[debug] [2020-10-04T04:29:16.125Z] Platform:      win32
[debug] [2020-10-04T04:29:16.125Z] Node Version:  v12.18.1
[debug] [2020-10-04T04:29:16.128Z] Time:          Sun Oct 04 2020 10:29:16 GMT+0600 (Bangladesh Standard Time)
[debug] [2020-10-04T04:29:16.128Z] ----------------------------------------------------------------------
[debug] [2020-10-04T04:29:16.129Z] 
[debug] [2020-10-04T04:29:16.160Z] > command requires scopes: ["email","openid","https://www.googleapis.com/auth/cloudplatformprojects.readonly","https://www.googleapis.com/auth/firebase","https://www.googleapis.com/auth/cloud-platform"]
[debug] [2020-10-04T04:29:16.161Z] > authorizing via signed-in user
[info] 
     ######## #### ########  ######## ########     ###     ######  ########
     ##        ##  ##     ## ##       ##     ##  ##   ##  ##       ##
     ######    ##  ########  ######   ########  #########  ######  ######
     ##        ##  ##    ##  ##       ##     ## ##     ##       ## ##
     ##       #### ##     ## ######## ########  ##     ##  ######  ########

You're about to initialize a Firebase project in this directory:

  C:\WebDevelopment\myProjects\volunteer network\client\volunteer-network

Before we get started, keep in mind:

  * You are currently outside your home directory

